Arguments: 
  D:\Program Files\nodejs\node.exe D:\Program Files\Yarn\bin\yarn.js add hexo-related-popular-posts@2.0.6

PATH: 
  D:\Program Files\Cmder\bin;D:\Program Files\Cmder\vendor\bin;D:\Program Files\Cmder\vendor\conemu-maximus5\ConEmu\Scripts;D:\Program Files\Cmder\vendor\conemu-maximus5;D:\Program Files\Cmder\vendor\conemu-maximus5\ConEmu;C:\Program Files (x86)\Common Files\Oracle\Java\javapath;C:\Windows\system32;C:\Windows;C:\Windows\System32\Wbem;C:\Windows\System32\WindowsPowerShell\v1.0\;C:\Windows\System32\OpenSSH\;D:\Program Files\Yarn\bin\;d:\Program Files\Microsoft VS Code\bin;C:\mingw64\bin;D:\Program Files\nodejs\;D:\Program Files\MiKTeX\miktex\bin\x64\;D:\Program Files\Anaconda;D:\Program Files\Anaconda\Library\mingw-w64\bin;D:\Program Files\Anaconda\Library\usr\bin;D:\Program Files\Anaconda\Library\bin;D:\Program Files\Anaconda\Scripts;C:\Users\o_oyao\AppData\Local\Programs\Python\Python37\Scripts\;C:\Users\o_oyao\AppData\Local\Programs\Python\Python37\;C:\Users\o_oyao\AppData\Local\Microsoft\WindowsApps;d:\Program Files\Bandizip\;C:\Users\o_oyao\AppData\Local\Yarn\bin;D:\Program Files\JetBrains\IntelliJ IDEA Community Edition 2019.2.3\bin;C:\Users\o_oyao\AppData\Local\GitHubDesktop\bin;C:\Users\o_oyao\AppData\Roaming\npm;D:\Program Files\Cmder\vendor\git-for-windows\cmd;D:\Program Files\Cmder\vendor\git-for-windows\mingw64\bin;D:\Program Files\Cmder\vendor\git-for-windows\usr\bin;D:\Program Files\Cmder

Yarn version: 
  1.17.3

Node version: 
  12.16.2

Platform: 
  win32 x64

Trace: 
  Error: getaddrinfo ENOTFOUND registry.npm.taobao.org
      at GetAddrInfoReqWrap.onlookup [as oncomplete] (dns.js:64:26)

npm manifest: 
  {
    "name": "Yao",
    "version": "0.1.0",
    "description": "",
    "private": true
  }

yarn manifest: 
  No manifest

Lockfile: 
  No lockfile
